"Deploying ASA: acsCoinASA":
    asset-index: 52
    confirmed-round: 15350
    pool-error: ""
    sender-rewards: 296091462446
    txn:
        sig:
            type: Buffer
            data:
                - 224
                - 255
                - 59
                - 134
                - 0
                - 86
                - 140
                - 141
                - 65
                - 192
                - 253
                - 11
                - 111
                - 237
                - 28
                - 248
                - 128
                - 13
                - 156
                - 182
                - 90
                - 46
                - 163
                - 57
                - 206
                - 156
                - 235
                - 243
                - 130
                - 138
                - 245
                - 49
                - 64
                - 252
                - 18
                - 0
                - 141
                - 16
                - 8
                - 160
                - 107
                - 97
                - 105
                - 9
                - 238
                - 221
                - 198
                - 212
                - 212
                - 82
                - 151
                - 44
                - 47
                - 157
                - 111
                - 125
                - 10
                - 181
                - 29
                - 24
                - 91
                - 30
                - 70
                - 1
        txn:
            apar:
                an: acsCoinASA
                au: url
                c:
                    type: Buffer
                    data:
                        - 63
                        - 110
                        - 213
                        - 38
                        - 32
                        - 37
                        - 24
                        - 18
                        - 76
                        - 0
                        - 231
                        - 72
                        - 49
                        - 56
                        - 61
                        - 24
                        - 91
                        - 70
                        - 68
                        - 253
                        - 81
                        - 180
                        - 2
                        - 116
                        - 92
                        - 248
                        - 166
                        - 207
                        - 73
                        - 250
                        - 66
                        - 233
                f:
                    type: Buffer
                    data:
                        - 63
                        - 110
                        - 213
                        - 38
                        - 32
                        - 37
                        - 24
                        - 18
                        - 76
                        - 0
                        - 231
                        - 72
                        - 49
                        - 56
                        - 61
                        - 24
                        - 91
                        - 70
                        - 68
                        - 253
                        - 81
                        - 180
                        - 2
                        - 116
                        - 92
                        - 248
                        - 166
                        - 207
                        - 73
                        - 250
                        - 66
                        - 233
                m:
                    type: Buffer
                    data:
                        - 63
                        - 110
                        - 213
                        - 38
                        - 32
                        - 37
                        - 24
                        - 18
                        - 76
                        - 0
                        - 231
                        - 72
                        - 49
                        - 56
                        - 61
                        - 24
                        - 91
                        - 70
                        - 68
                        - 253
                        - 81
                        - 180
                        - 2
                        - 116
                        - 92
                        - 248
                        - 166
                        - 207
                        - 73
                        - 250
                        - 66
                        - 233
                r:
                    type: Buffer
                    data:
                        - 63
                        - 110
                        - 213
                        - 38
                        - 32
                        - 37
                        - 24
                        - 18
                        - 76
                        - 0
                        - 231
                        - 72
                        - 49
                        - 56
                        - 61
                        - 24
                        - 91
                        - 70
                        - 68
                        - 253
                        - 81
                        - 180
                        - 2
                        - 116
                        - 92
                        - 248
                        - 166
                        - 207
                        - 73
                        - 250
                        - 66
                        - 233
                t: 1000000
                un: ACS
            fee: 1000
            fv: 15348
            gen: sandnet-v1
            gh:
                type: Buffer
                data:
                    - 8
                    - 118
                    - 231
                    - 27
                    - 184
                    - 124
                    - 135
                    - 76
                    - 130
                    - 231
                    - 111
                    - 58
                    - 219
                    - 0
                    - 229
                    - 248
                    - 148
                    - 44
                    - 156
                    - 242
                    - 83
                    - 149
                    - 224
                    - 21
                    - 218
                    - 6
                    - 32
                    - 33
                    - 222
                    - 9
                    - 22
                    - 47
            lv: 16348
            note:
                type: Buffer
                data:
                    - 97
                    - 99
                    - 115
                    - 32
                    - 99
                    - 111
                    - 105
                    - 110
            snd:
                type: Buffer
                data:
                    - 63
                    - 110
                    - 213
                    - 38
                    - 32
                    - 37
                    - 24
                    - 18
                    - 76
                    - 0
                    - 231
                    - 72
                    - 49
                    - 56
                    - 61
                    - 24
                    - 91
                    - 70
                    - 68
                    - 253
                    - 81
                    - 180
                    - 2
                    - 116
                    - 92
                    - 248
                    - 166
                    - 207
                    - 73
                    - 250
                    - 66
                    - 233
            type: acfg
