- - "Deploying ASA: ACS Corgi #1"
  - asset-index: 57
    confirmed-round: 15407
    pool-error: ""
    txn:
        sig:
            type: Buffer
            data:
                - 145
                - 43
                - 247
                - 70
                - 122
                - 175
                - 184
                - 63
                - 86
                - 147
                - 97
                - 162
                - 50
                - 222
                - 26
                - 10
                - 230
                - 10
                - 251
                - 50
                - 64
                - 184
                - 34
                - 229
                - 225
                - 89
                - 51
                - 127
                - 108
                - 211
                - 173
                - 42
                - 222
                - 66
                - 164
                - 160
                - 72
                - 151
                - 134
                - 28
                - 154
                - 231
                - 101
                - 139
                - 13
                - 149
                - 242
                - 242
                - 150
                - 76
                - 129
                - 84
                - 105
                - 216
                - 147
                - 121
                - 29
                - 138
                - 198
                - 19
                - 159
                - 194
                - 25
                - 14
        txn:
            apar:
                am:
                    type: Buffer
                    data:
                        - 121
                        - 9
                        - 32
                        - 197
                        - 148
                        - 177
                        - 88
                        - 4
                        - 159
                        - 79
                        - 73
                        - 226
                        - 35
                        - 140
                        - 216
                        - 35
                        - 97
                        - 235
                        - 28
                        - 151
                        - 195
                        - 101
                        - 133
                        - 0
                        - 15
                        - 92
                        - 3
                        - 64
                        - 238
                        - 46
                        - 84
                        - 132
                an: "ACS Corgi #1"
                au: ipfs://QmWV87ZBA4cfjv7ezRTffZEfwVKYUfwU11oWVPiJ7ckd5d#arc3
                t: 1
                un: ACSNFT
            fee: 1000
            fv: 15405
            gen: sandnet-v1
            gh:
                type: Buffer
                data:
                    - 8
                    - 118
                    - 231
                    - 27
                    - 184
                    - 124
                    - 135
                    - 76
                    - 130
                    - 231
                    - 111
                    - 58
                    - 219
                    - 0
                    - 229
                    - 248
                    - 148
                    - 44
                    - 156
                    - 242
                    - 83
                    - 149
                    - 224
                    - 21
                    - 218
                    - 6
                    - 32
                    - 33
                    - 222
                    - 9
                    - 22
                    - 47
            lv: 16405
            snd:
                type: Buffer
                data:
                    - 63
                    - 110
                    - 213
                    - 38
                    - 32
                    - 37
                    - 24
                    - 18
                    - 76
                    - 0
                    - 231
                    - 72
                    - 49
                    - 56
                    - 61
                    - 24
                    - 91
                    - 70
                    - 68
                    - 253
                    - 81
                    - 180
                    - 2
                    - 116
                    - 92
                    - 248
                    - 166
                    - 207
                    - 73
                    - 250
                    - 66
                    - 233
            type: acfg
