- - "Deploying ASA: ACS Shiba Inu #2"
  - asset-index: 56
    confirmed-round: 15407
    pool-error: ""
    sender-rewards: 4001536071
    txn:
        sig:
            type: Buffer
            data:
                - 55
                - 35
                - 24
                - 217
                - 70
                - 69
                - 69
                - 36
                - 107
                - 121
                - 225
                - 206
                - 119
                - 25
                - 167
                - 2
                - 238
                - 139
                - 220
                - 226
                - 189
                - 166
                - 237
                - 179
                - 76
                - 107
                - 135
                - 117
                - 82
                - 43
                - 138
                - 208
                - 4
                - 210
                - 99
                - 94
                - 28
                - 185
                - 73
                - 212
                - 8
                - 250
                - 13
                - 154
                - 46
                - 149
                - 84
                - 157
                - 116
                - 119
                - 54
                - 79
                - 244
                - 140
                - 169
                - 241
                - 189
                - 254
                - 80
                - 192
                - 4
                - 89
                - 156
                - 15
        txn:
            apar:
                am:
                    type: Buffer
                    data:
                        - 62
                        - 92
                        - 161
                        - 179
                        - 126
                        - 95
                        - 164
                        - 254
                        - 26
                        - 142
                        - 249
                        - 13
                        - 165
                        - 79
                        - 151
                        - 84
                        - 228
                        - 184
                        - 53
                        - 144
                        - 185
                        - 181
                        - 225
                        - 98
                        - 230
                        - 104
                        - 200
                        - 82
                        - 29
                        - 38
                        - 23
                        - 57
                an: "ACS Shiba Inu #2"
                au: ipfs://QmSY5umqGyi1T3tcCXcuutdNBZkXcG96JSJNUPHFSMMwPe#arc3
                t: 1
                un: ACSNFT
            fee: 1000
            fv: 15405
            gen: sandnet-v1
            gh:
                type: Buffer
                data:
                    - 8
                    - 118
                    - 231
                    - 27
                    - 184
                    - 124
                    - 135
                    - 76
                    - 130
                    - 231
                    - 111
                    - 58
                    - 219
                    - 0
                    - 229
                    - 248
                    - 148
                    - 44
                    - 156
                    - 242
                    - 83
                    - 149
                    - 224
                    - 21
                    - 218
                    - 6
                    - 32
                    - 33
                    - 222
                    - 9
                    - 22
                    - 47
            lv: 16405
            snd:
                type: Buffer
                data:
                    - 63
                    - 110
                    - 213
                    - 38
                    - 32
                    - 37
                    - 24
                    - 18
                    - 76
                    - 0
                    - 231
                    - 72
                    - 49
                    - 56
                    - 61
                    - 24
                    - 91
                    - 70
                    - 68
                    - 253
                    - 81
                    - 180
                    - 2
                    - 116
                    - 92
                    - 248
                    - 166
                    - 207
                    - 73
                    - 250
                    - 66
                    - 233
            type: acfg
